Traceback (most recent call last):
  File "/Library/Frameworks/Python.framework/Versions/3.11/lib/python3.11/site-packages/jupyter_cache/executors/utils.py", line 58, in single_nb_execution
    executenb(
  File "/Library/Frameworks/Python.framework/Versions/3.11/lib/python3.11/site-packages/nbclient/client.py", line 1305, in execute
    return NotebookClient(nb=nb, resources=resources, km=km, **kwargs).execute()
           ^^^^^^^^^^^^^^^^^^^^^^^^^^^^^^^^^^^^^^^^^^^^^^^^^^^^^^^^^^^^^^^^^^^^^
  File "/Users/d/Library/Python/3.11/lib/python/site-packages/jupyter_core/utils/__init__.py", line 166, in wrapped
    return loop.run_until_complete(inner)
           ^^^^^^^^^^^^^^^^^^^^^^^^^^^^^^
  File "/Library/Frameworks/Python.framework/Versions/3.11/lib/python3.11/asyncio/base_events.py", line 653, in run_until_complete
    return future.result()
           ^^^^^^^^^^^^^^^
  File "/Library/Frameworks/Python.framework/Versions/3.11/lib/python3.11/site-packages/nbclient/client.py", line 705, in async_execute
    await self.async_execute_cell(
  File "/Library/Frameworks/Python.framework/Versions/3.11/lib/python3.11/site-packages/nbclient/client.py", line 1058, in async_execute_cell
    await self._check_raise_for_error(cell, cell_index, exec_reply)
  File "/Library/Frameworks/Python.framework/Versions/3.11/lib/python3.11/site-packages/nbclient/client.py", line 914, in _check_raise_for_error
    raise CellExecutionError.from_cell_and_msg(cell, exec_reply_content)
nbclient.exceptions.CellExecutionError: An error occurred while executing the following cell:
------------------
import requests
from bs4 import BeautifulSoup
import pandas as pd

# Fetch the HTML content of the book
url = "https://www.gutenberg.org/files/38226/38226-h/38226-h.htm"
response = requests.get(url)
html_content = response.text

# Parse the HTML content using BeautifulSoup
soup = BeautifulSoup(html_content, "html.parser")

# Find all the paragraphs in the book
paragraphs = soup.find_all("p")

# Initialize counters for Mozart and Beethoven mentions
mozart_count = 0
beethoven_count = 0

# Iterate over each paragraph and count mentions of Mozart and Beethoven
for paragraph in paragraphs:
    text = paragraph.get_text()
    mozart_count += text.lower().count("mozart")
    beethoven_count += text.lower().count("beethoven")

# Create a pandas DataFrame to store the results
data = {
    "Word": ["Mozart", "Beethoven"],
    "Frequency": [mozart_count, beethoven_count]
}
df = pd.DataFrame(data)

# Display the tabulated frequencies
print(df)

------------------


[0;31m---------------------------------------------------------------------------[0m
[0;31mModuleNotFoundError[0m                       Traceback (most recent call last)
Cell [0;32mIn[38], line 2[0m
[1;32m      1[0m [38;5;28;01mimport[39;00m [38;5;21;01mrequests[39;00m
[0;32m----> 2[0m [38;5;28;01mfrom[39;00m [38;5;21;01mbs4[39;00m [38;5;28;01mimport[39;00m BeautifulSoup
[1;32m      3[0m [38;5;28;01mimport[39;00m [38;5;21;01mpandas[39;00m [38;5;28;01mas[39;00m [38;5;21;01mpd[39;00m
[1;32m      5[0m [38;5;66;03m# Fetch the HTML content of the book[39;00m

[0;31mModuleNotFoundError[0m: No module named 'bs4'

