Traceback (most recent call last):
  File "/Library/Frameworks/Python.framework/Versions/3.11/lib/python3.11/site-packages/jupyter_cache/executors/utils.py", line 58, in single_nb_execution
    executenb(
  File "/Library/Frameworks/Python.framework/Versions/3.11/lib/python3.11/site-packages/nbclient/client.py", line 1305, in execute
    return NotebookClient(nb=nb, resources=resources, km=km, **kwargs).execute()
           ^^^^^^^^^^^^^^^^^^^^^^^^^^^^^^^^^^^^^^^^^^^^^^^^^^^^^^^^^^^^^^^^^^^^^
  File "/Users/d/Library/Python/3.11/lib/python/site-packages/jupyter_core/utils/__init__.py", line 166, in wrapped
    return loop.run_until_complete(inner)
           ^^^^^^^^^^^^^^^^^^^^^^^^^^^^^^
  File "/Library/Frameworks/Python.framework/Versions/3.11/lib/python3.11/asyncio/base_events.py", line 653, in run_until_complete
    return future.result()
           ^^^^^^^^^^^^^^^
  File "/Library/Frameworks/Python.framework/Versions/3.11/lib/python3.11/site-packages/nbclient/client.py", line 705, in async_execute
    await self.async_execute_cell(
  File "/Library/Frameworks/Python.framework/Versions/3.11/lib/python3.11/site-packages/nbclient/client.py", line 1058, in async_execute_cell
    await self._check_raise_for_error(cell, cell_index, exec_reply)
  File "/Library/Frameworks/Python.framework/Versions/3.11/lib/python3.11/site-packages/nbclient/client.py", line 914, in _check_raise_for_error
    raise CellExecutionError.from_cell_and_msg(cell, exec_reply_content)
nbclient.exceptions.CellExecutionError: An error occurred while executing the following cell:
------------------
import requests
from bs4 import BeautifulSoup
from tabulate import tabulate

# Send a request to the Wikipedia page
url = 'https://en.wikipedia.org/wiki/List_of_most-followed_Instagram_accounts'
response = requests.get(url)
soup = BeautifulSoup(response.text, 'html.parser')

# Find the table rows containing the data
table = soup.find('table', class_='wikitable')
rows = table.select('tbody tr')[1:]  # Skip the header row

# Extract data from each row and store it in a list
data = []
for row in rows:
    columns = row.find_all('td')
    
    if len(columns) >= 3:
        rank = columns[1].text.strip()
        owner = columns[3].text.strip()
        followers = columns[5].text.strip().replace('\xa0', '')  # Remove non-breaking spaces
        data.append([rank, owner, followers])

# Print the table using tabulate
headers = ["Name", "Followers", "Country"]
table = tabulate(data, headers=headers, tablefmt="plain")

print(table)

------------------


[0;31m---------------------------------------------------------------------------[0m
[0;31mModuleNotFoundError[0m                       Traceback (most recent call last)
Cell [0;32mIn[13], line 2[0m
[1;32m      1[0m [38;5;28;01mimport[39;00m [38;5;21;01mrequests[39;00m
[0;32m----> 2[0m [38;5;28;01mfrom[39;00m [38;5;21;01mbs4[39;00m [38;5;28;01mimport[39;00m BeautifulSoup
[1;32m      3[0m [38;5;28;01mfrom[39;00m [38;5;21;01mtabulate[39;00m [38;5;28;01mimport[39;00m tabulate
[1;32m      5[0m [38;5;66;03m# Send a request to the Wikipedia page[39;00m

[0;31mModuleNotFoundError[0m: No module named 'bs4'

