Traceback (most recent call last):
  File "/Library/Frameworks/Python.framework/Versions/3.11/lib/python3.11/site-packages/jupyter_cache/executors/utils.py", line 58, in single_nb_execution
    executenb(
  File "/Library/Frameworks/Python.framework/Versions/3.11/lib/python3.11/site-packages/nbclient/client.py", line 1305, in execute
    return NotebookClient(nb=nb, resources=resources, km=km, **kwargs).execute()
           ^^^^^^^^^^^^^^^^^^^^^^^^^^^^^^^^^^^^^^^^^^^^^^^^^^^^^^^^^^^^^^^^^^^^^
  File "/Users/d/Library/Python/3.11/lib/python/site-packages/jupyter_core/utils/__init__.py", line 166, in wrapped
    return loop.run_until_complete(inner)
           ^^^^^^^^^^^^^^^^^^^^^^^^^^^^^^
  File "/Library/Frameworks/Python.framework/Versions/3.11/lib/python3.11/asyncio/base_events.py", line 653, in run_until_complete
    return future.result()
           ^^^^^^^^^^^^^^^
  File "/Library/Frameworks/Python.framework/Versions/3.11/lib/python3.11/site-packages/nbclient/client.py", line 705, in async_execute
    await self.async_execute_cell(
  File "/Library/Frameworks/Python.framework/Versions/3.11/lib/python3.11/site-packages/nbclient/client.py", line 1058, in async_execute_cell
    await self._check_raise_for_error(cell, cell_index, exec_reply)
  File "/Library/Frameworks/Python.framework/Versions/3.11/lib/python3.11/site-packages/nbclient/client.py", line 914, in _check_raise_for_error
    raise CellExecutionError.from_cell_and_msg(cell, exec_reply_content)
nbclient.exceptions.CellExecutionError: An error occurred while executing the following cell:
------------------
!pip install treelib 
from treelib import Node, Tree
import sys
print(sys.executable)




# Define the directory structure
structure = {
    "Daily Grind": {
        "Gratitude": ["journal.md"],
        "Physical Exercise": ["swim.md", "gym.md", "jog.md"],
        "Check on Loved Ones": ["whats_app.md"],
        "Work": {
            "PhD Thesis": ["..."],
            "K08 Grant": ["..."],
            "R03 Grant Application": ["..."],
            "Mentoring": {
                "High School Students": [],
                "Undergraduates": [],
                "Graduate Students": [],
                "Medical Students": [],
                "Residents": [],
                "Fellows": [],
                "Faculty": [],
                "Analysts": [],
                "Staff": [],
                "Collaborators": [],
                "Graduates": [],
            },
            "...": []
        },
        "...": []
    }
}

counter = 0

# Function to recursively add nodes to the tree
def add_nodes(tree, parent, structure):
    global counter
    for key, value in structure.items():
        node_name = key.replace(" ", "_")
        if tree.contains(node_name):
            counter += 1
            node_name += "_" + str(counter) # Add suffix to make the node name unique
        tree.create_node(key, node_name, parent=parent)
        # If the value is a list, add file nodes
        if isinstance(value, list):
            for file_name in value:
                file_node_name = file_name if file_name != "..." else "ellipsis_" + str(counter)
                counter += 1
                tree.create_node(file_name, file_node_name, parent=node_name)
        # If the value is a dictionary, recurse into it
        elif isinstance(value, dict):
            add_nodes(tree, node_name, value)

# Create tree and root node
tree = Tree()
tree.create_node("Daily Grind", "Daily Grind")

# Add nodes based on the structure
add_nodes(tree, "Daily Grind", structure["Daily Grind"])

# Print the tree
tree.show()

------------------

----- stdout -----
Requirement already satisfied: treelib in /Users/d/Dropbox (Personal)/1f.Î·Ì”ÎµÌ“ÌÏÎ¹Ï‚,Îº/1.ontology/myenv/lib/python3.11/site-packages (1.6.4)
----- stdout -----
Requirement already satisfied: six in /Users/d/Dropbox (Personal)/1f.Î·Ì”ÎµÌ“ÌÏÎ¹Ï‚,Îº/1.ontology/myenv/lib/python3.11/site-packages (from treelib) (1.16.0)
------------------

[0;31m---------------------------------------------------------------------------[0m
[0;31mModuleNotFoundError[0m                       Traceback (most recent call last)
Cell [0;32mIn[7], line 2[0m
[1;32m      1[0m get_ipython()[38;5;241m.[39msystem([38;5;124m'[39m[38;5;124mpip install treelib[39m[38;5;124m'[39m)
[0;32m----> 2[0m [38;5;28;01mfrom[39;00m [38;5;21;01mtreelib[39;00m [38;5;28;01mimport[39;00m Node, Tree
[1;32m      3[0m [38;5;28;01mimport[39;00m [38;5;21;01msys[39;00m
[1;32m      4[0m [38;5;28mprint[39m(sys[38;5;241m.[39mexecutable)

[0;31mModuleNotFoundError[0m: No module named 'treelib'

