---------------------------------------------------------------------------------------------------------------
      name:  <unnamed>
       log:  /Users/d/Dropbox (Personal)/1f.ἡἔρις,κ/1.ontology/bloc/simulated_data.log
  log type:  text
 opened on:  10 Aug 2023, 08:46:32

. import delimited "simulated_data_2.csv", clear 
(encoding automatically selected: ISO-8859-1)
(12 vars, 1,000 obs)

. g time = time_to_kidney_failure * 10^20

. stset time, fail(status)

Survival-time data settings

         Failure event: status!=0 & status<.
Observed time interval: (0, time]
     Exit on or before: failure

--------------------------------------------------------------------------
      1,000  total observations
      1,000  observations end on or before enter()
--------------------------------------------------------------------------
          0  observations remaining, representing
          0  failures in single-record/single-failure data
          0  total analysis time at risk and under observation
                                                At risk from t =         0
                                     Earliest observed entry t =         .
                                          Last observed exit t =         .

. #delimit ;
delimiter now ;
. sts graph, 
>     fail 
>         per(100) 
>         ylab(,
>             format(%2.0f)) 
>         yti("%",
>             orientation(horizontal)) 
>         xti("Years")
>         ti("")
>         tmax(30)
> ;

        Failure _d: status
  Analysis time _t: time
no observations
r(2000);

end of do-file

r(2000);

. codebook time

---------------------------------------------------------------------------------------------------------------
time                                                                                                (unlabeled)
---------------------------------------------------------------------------------------------------------------

                  Type: Numeric (float)

                 Range: [0,0]                         Units: 1
         Unique values: 1                         Missing .: 0/1,000

            Tabulation: Freq.  Value
                        1,000  0

