Traceback (most recent call last):
  File "/Library/Frameworks/Python.framework/Versions/3.11/lib/python3.11/site-packages/jupyter_cache/executors/utils.py", line 58, in single_nb_execution
    executenb(
  File "/Library/Frameworks/Python.framework/Versions/3.11/lib/python3.11/site-packages/nbclient/client.py", line 1305, in execute
    return NotebookClient(nb=nb, resources=resources, km=km, **kwargs).execute()
           ^^^^^^^^^^^^^^^^^^^^^^^^^^^^^^^^^^^^^^^^^^^^^^^^^^^^^^^^^^^^^^^^^^^^^
  File "/Users/d/Library/Python/3.11/lib/python/site-packages/jupyter_core/utils/__init__.py", line 166, in wrapped
    return loop.run_until_complete(inner)
           ^^^^^^^^^^^^^^^^^^^^^^^^^^^^^^
  File "/Library/Frameworks/Python.framework/Versions/3.11/lib/python3.11/asyncio/base_events.py", line 653, in run_until_complete
    return future.result()
           ^^^^^^^^^^^^^^^
  File "/Library/Frameworks/Python.framework/Versions/3.11/lib/python3.11/site-packages/nbclient/client.py", line 705, in async_execute
    await self.async_execute_cell(
  File "/Library/Frameworks/Python.framework/Versions/3.11/lib/python3.11/site-packages/nbclient/client.py", line 1058, in async_execute_cell
    await self._check_raise_for_error(cell, cell_index, exec_reply)
  File "/Library/Frameworks/Python.framework/Versions/3.11/lib/python3.11/site-packages/nbclient/client.py", line 914, in _check_raise_for_error
    raise CellExecutionError.from_cell_and_msg(cell, exec_reply_content)
nbclient.exceptions.CellExecutionError: An error occurred while executing the following cell:
------------------
suppressWarnings({
  invisible({
    rm(list = ls())

    if (!require(icdpicr, quietly = TRUE, warn.conflicts = FALSE)) install.packages('icdpicr')
    if (!require(dplyr, quietly = TRUE, warn.conflicts = FALSE)) install.packages('dplyr')
    if (!require(readr, quietly = TRUE, warn.conflicts = FALSE)) install.packages('readr')
    if (!require(tidyr, quietly = TRUE, warn.conflicts = FALSE)) install.packages('tidyr')

    library(icdpicr, quietly = TRUE, warn.conflicts = FALSE)
    library(dplyr, quietly = TRUE, warn.conflicts = FALSE)
    library(readr, quietly = TRUE, warn.conflicts = FALSE)
    library(tidyr, quietly = TRUE, warn.conflicts = FALSE)
  })
})
------------------


[0;36m  Cell [0;32mIn[1], line 5[0;36m[0m
[0;31m    if (!require(icdpicr, quietly = TRUE, warn.conflicts = FALSE)) install.packages('icdpicr')[0m
[0m        ^[0m
[0;31mSyntaxError[0m[0;31m:[0m invalid syntax


