Traceback (most recent call last):
  File "/usr/local/anaconda3/lib/python3.11/site-packages/jupyter_cache/executors/utils.py", line 58, in single_nb_execution
    executenb(
  File "/usr/local/anaconda3/lib/python3.11/site-packages/nbclient/client.py", line 1204, in execute
    return NotebookClient(nb=nb, resources=resources, km=km, **kwargs).execute()
           ^^^^^^^^^^^^^^^^^^^^^^^^^^^^^^^^^^^^^^^^^^^^^^^^^^^^^^^^^^^^^^^^^^^^^
  File "/usr/local/anaconda3/lib/python3.11/site-packages/nbclient/util.py", line 84, in wrapped
    return just_run(coro(*args, **kwargs))
           ^^^^^^^^^^^^^^^^^^^^^^^^^^^^^^^
  File "/usr/local/anaconda3/lib/python3.11/site-packages/nbclient/util.py", line 62, in just_run
    return loop.run_until_complete(coro)
           ^^^^^^^^^^^^^^^^^^^^^^^^^^^^^
  File "/usr/local/anaconda3/lib/python3.11/asyncio/base_events.py", line 653, in run_until_complete
    return future.result()
           ^^^^^^^^^^^^^^^
  File "/usr/local/anaconda3/lib/python3.11/site-packages/nbclient/client.py", line 663, in async_execute
    await self.async_execute_cell(
  File "/usr/local/anaconda3/lib/python3.11/site-packages/nbclient/client.py", line 965, in async_execute_cell
    await self._check_raise_for_error(cell, cell_index, exec_reply)
  File "/usr/local/anaconda3/lib/python3.11/site-packages/nbclient/client.py", line 862, in _check_raise_for_error
    raise CellExecutionError.from_cell_and_msg(cell, exec_reply_content)
nbclient.exceptions.CellExecutionError: An error occurred while executing the following cell:
------------------
import requests
from bs4 import BeautifulSoup
from tabulate import tabulate

# Send a request to the Wikipedia page
url = 'https://en.wikipedia.org/wiki/List_of_most-followed_Instagram_accounts'
response = requests.get(url)
soup = BeautifulSoup(response.text, 'html.parser')

# Find the table rows containing the data
table = soup.find('table', class_='wikitable')
rows = table.select('tbody tr')[1:]  # Skip the header row

# Extract data from each row and store it in a list
data = []
for row in rows:
    columns = row.find_all('td')
    
    if len(columns) >= 3:
        rank = columns[1].text.strip()
        owner = columns[3].text.strip()
        followers = columns[5].text.strip().replace('\xa0', '')  # Remove non-breaking spaces
        data.append([rank, owner, followers])

# Print the table using tabulate
headers = ["Name", "Followers", "Country"]
table = tabulate(data, headers=headers, tablefmt="plain")

print(table)

------------------

[0;31m---------------------------------------------------------------------------[0m
[0;31mIndexError[0m                                Traceback (most recent call last)
Cell [0;32mIn[13], line 22[0m
[1;32m     20[0m         rank [38;5;241m=[39m columns[[38;5;241m1[39m][38;5;241m.[39mtext[38;5;241m.[39mstrip()
[1;32m     21[0m         owner [38;5;241m=[39m columns[[38;5;241m3[39m][38;5;241m.[39mtext[38;5;241m.[39mstrip()
[0;32m---> 22[0m         followers [38;5;241m=[39m columns[[38;5;241m5[39m][38;5;241m.[39mtext[38;5;241m.[39mstrip()[38;5;241m.[39mreplace([38;5;124m'[39m[38;5;130;01m\xa0[39;00m[38;5;124m'[39m, [38;5;124m'[39m[38;5;124m'[39m)  [38;5;66;03m# Remove non-breaking spaces[39;00m
[1;32m     23[0m         data[38;5;241m.[39mappend([rank, owner, followers])
[1;32m     25[0m [38;5;66;03m# Print the table using tabulate[39;00m

[0;31mIndexError[0m: list index out of range
IndexError: list index out of range

